#
# There is insufficient memory for the Java Runtime Environment to continue.
# Native memory allocation (mmap) failed to map 134217728 bytes for G1 virtual space
# Possible reasons:
#   The system is out of physical RAM or swap space
#   The process is running with CompressedOops enabled, and the Java Heap may be blocking the growth of the native heap
# Possible solutions:
#   Reduce memory load on the system
#   Increase physical memory or swap space
#   Check if swap backing store is full
#   Decrease Java heap size (-Xmx/-Xms)
#   Decrease number of Java threads
#   Decrease Java thread stack sizes (-Xss)
#   Set larger code cache with -XX:ReservedCodeCacheSize=
#   JVM is running with Unscaled Compressed Oops mode in which the Java heap is
#     placed in the first 4GB address space. The Java Heap base address is the
#     maximum limit for the native heap growth. Please use -XX:HeapBaseMinAddress
#     to set the Java Heap base and to place the Java Heap above 4GB virtual address.
# This output file may be truncated or incomplete.
#
#  Out of Memory Error (./open/src/hotspot/os/windows/os_windows.cpp:3321), pid=6688, tid=23420
#
# JRE version:  (15.0.2+7) (build )
# Java VM: Java HotSpot(TM) 64-Bit Server VM (15.0.2+7-27, mixed mode, sharing, tiered, compressed oops, g1 gc, windows-amd64)
# No core dump will be written. Minidumps are not enabled by default on client versions of Windows
#

---------------  S U M M A R Y ------------

Command Line: -javaagent:C:\Program Files\JetBrains\IntelliJ IDEA 2021.2.2\lib\idea_rt.jar=56911:C:\Program Files\JetBrains\IntelliJ IDEA 2021.2.2\bin -Dfile.encoding=UTF-8 project.Main

Host: Intel(R) Core(TM) i5-8250U CPU @ 1.60GHz, 8 cores, 7G,  Windows 10 , 64 bit Build 18362 (10.0.18362.329)
Time: Tue May 24 11:24:00 2022 RTZ 2 (ceia) elapsed time: 0.011182 seconds (0d 0h 0m 0s)

---------------  T H R E A D  ---------------

Current thread (0x0000020531528a20):  JavaThread "Unknown thread" [_thread_in_vm, id=23420, stack(0x0000006492000000,0x0000006492100000)]

Stack: [0x0000006492000000,0x0000006492100000]
Native frames: (J=compiled Java code, j=interpreted, Vv=VM code, C=native code)
V  [jvm.dll+0x62ae9a]
V  [jvm.dll+0x7817a9]
V  [jvm.dll+0x782f03]
V  [jvm.dll+0x783563]
V  [jvm.dll+0x216325]
V  [jvm.dll+0x6281d9]
V  [jvm.dll+0x61cf55]
V  [jvm.dll+0x2cffdd]
V  [jvm.dll+0x2cfe42]
V  [jvm.dll+0x2d5e1c]
V  [jvm.dll+0x32590a]
V  [jvm.dll+0x324fd4]
V  [jvm.dll+0x2a6f5a]
V  [jvm.dll+0x2a80f8]
V  [jvm.dll+0x75e241]
V  [jvm.dll+0x3341c4]
V  [jvm.dll+0x73e926]
V  [jvm.dll+0x3b7557]
V  [jvm.dll+0x3b8fe1]
C  [jli.dll+0x52fb]
C  [ucrtbase.dll+0x20e72]
C  [KERNEL32.DLL+0x17bd4]
C  [ntdll.dll+0x6ced1]


---------------  P R O C E S S  ---------------

Threads class SMR info:
_java_thread_list=0x00007fff88be4ff0, length=0, elements={
}

Java Threads: ( => current thread )

Other Threads:
  0x00000205315689c0 GCTaskThread "GC Thread#0" [stack: 0x0000006492100000,0x0000006492200000] [id=18296]
  0x0000020531579950 ConcurrentGCThread "G1 Main Marker" [stack: 0x0000006492200000,0x0000006492300000] [id=26396]
  0x000002053157bd70 ConcurrentGCThread "G1 Conc#0" [stack: 0x0000006492300000,0x0000006492400000] [id=20004]

[error occurred during error reporting (printing all threads), id 0xc0000005, EXCEPTION_ACCESS_VIOLATION (0xc0000005) at pc=0x00007fff883d7e27]

VM state: not at safepoint (not fully initialized)

VM Mutex/Monitor currently owned by a thread:  ([mutex/lock_event])
[0x0000020531525490] Heap_lock - owner thread: 0x0000020531528a20

Heap address: 0x0000000081a00000, size: 2022 MB, Compressed Oops mode: 32-bit
CDS archive(s) mapped at: [0x0000000000000000-0x0000000000000000-0x0000000000000000), size 0, SharedBaseAddress: 0x0000000800000000, ArchiveRelocationMode: 0.
Narrow klass base: 0x0000000000000000, Narrow klass shift: 0, Narrow klass range: 0x0

Heap:
 garbage-first heap   total 131072K, used 0K [0x0000000081a00000, 0x0000000100000000)
  region size 1024K, 0 young (0K), 0 survivors (0K)
 Metaspace       used 0K, capacity 0K, committed 0K, reserved 0K
  class space    used 0K, capacity 0K, committed 0K, reserved 0K

Heap Regions: E=young(eden), S=young(survivor), O=old, HS=humongous(starts), HC=humongous(continues), CS=collection set, F=free, OA=open archive, CA=closed archive, TAMS=top-at-mark-start (previous, next)

Card table byte_map: [0x000002054adb0000,0x000002054b1b0000] _byte_map_base: 0x000002054a9a3000

Marking Bits (Prev, Next): (CMBitMap*) 0x0000020531569230, (CMBitMap*) 0x0000020531569270
 Prev Bits: [0x000002054b5b0000, 0x000002054d548000)
 Next Bits: [0x000002054d550000, 0x000002054f4e8000)

GC Heap History (0 events):
No events

Deoptimization events (0 events):
No events

Classes unloaded (0 events):
No events

Classes redefined (0 events):
No events

Internal exceptions (0 events):
No events

Events (1 events):
Event: 0.005 Loaded shared library C:\Program Files\Java\jdk-15.0.2\bin\java.dll


Dynamic libraries:
0x00007ff713390000 - 0x00007ff71339f000 	C:\Program Files\Java\jdk-15.0.2\bin\java.exe
0x00007fffd4cc0000 - 0x00007fffd4eb0000 	C:\Windows\SYSTEM32\ntdll.dll
0x00007fffd30b0000 - 0x00007fffd3162000 	C:\Windows\System32\KERNEL32.DLL
0x00007fffd2940000 - 0x00007fffd2be3000 	C:\Windows\System32\KERNELBASE.dll
0x00007fffd1e50000 - 0x00007fffd1f4a000 	C:\Windows\System32\ucrtbase.dll
0x00007fffc2e90000 - 0x00007fffc2ea9000 	C:\Program Files\Java\jdk-15.0.2\bin\VCRUNTIME140.dll
0x00007fffcf6f0000 - 0x00007fffcf708000 	C:\Program Files\Java\jdk-15.0.2\bin\jli.dll
0x00007fffd41d0000 - 0x00007fffd4273000 	C:\Windows\System32\ADVAPI32.dll
0x00007fffd3b90000 - 0x00007fffd3c2e000 	C:\Windows\System32\msvcrt.dll
0x00007fffd3000000 - 0x00007fffd3097000 	C:\Windows\System32\sechost.dll
0x00007fffd3a70000 - 0x00007fffd3b90000 	C:\Windows\System32\RPCRT4.dll
0x00007fffd4a00000 - 0x00007fffd4b94000 	C:\Windows\System32\USER32.dll
0x00007fffb91f0000 - 0x00007fffb9475000 	C:\Windows\WinSxS\amd64_microsoft.windows.common-controls_6595b64144ccf1df_6.0.18362.449_none_e6c7b265130c70a7\COMCTL32.dll
0x00007fffd2bf0000 - 0x00007fffd2c11000 	C:\Windows\System32\win32u.dll
0x00007fffd3170000 - 0x00007fffd3196000 	C:\Windows\System32\GDI32.dll
0x00007fffd3730000 - 0x00007fffd3a66000 	C:\Windows\System32\combase.dll
0x00007fffd2720000 - 0x00007fffd28b4000 	C:\Windows\System32\gdi32full.dll
0x00007fffd28c0000 - 0x00007fffd2940000 	C:\Windows\System32\bcryptPrimitives.dll
0x00007fffd2cd0000 - 0x00007fffd2d6e000 	C:\Windows\System32\msvcp_win.dll
0x00007fffc9240000 - 0x00007fffc924a000 	C:\Windows\SYSTEM32\VERSION.dll
0x00007fffd42e0000 - 0x00007fffd430e000 	C:\Windows\System32\IMM32.DLL
0x00007fffc2e70000 - 0x00007fffc2e7c000 	C:\Program Files\Java\jdk-15.0.2\bin\vcruntime140_1.dll
0x00007fffa0d50000 - 0x00007fffa0de1000 	C:\Program Files\Java\jdk-15.0.2\bin\msvcp140.dll
0x00007fff88120000 - 0x00007fff88c7e000 	C:\Program Files\Java\jdk-15.0.2\bin\server\jvm.dll
0x00007fffd30a0000 - 0x00007fffd30a8000 	C:\Windows\System32\PSAPI.DLL
0x00007fffb9f30000 - 0x00007fffb9f39000 	C:\Windows\SYSTEM32\WSOCK32.dll
0x00007fffd4c10000 - 0x00007fffd4c7f000 	C:\Windows\System32\WS2_32.dll
0x00007fffcf610000 - 0x00007fffcf634000 	C:\Windows\SYSTEM32\WINMM.dll
0x00007fffcf4a0000 - 0x00007fffcf4cd000 	C:\Windows\SYSTEM32\WINMMBASE.dll
0x00007fffd1c50000 - 0x00007fffd1c9a000 	C:\Windows\System32\cfgmgr32.dll
0x00007fffd1ba0000 - 0x00007fffd1bb1000 	C:\Windows\System32\kernel.appcore.dll
0x00007fffc2e60000 - 0x00007fffc2e6a000 	C:\Program Files\Java\jdk-15.0.2\bin\jimage.dll
0x00007fffca8c0000 - 0x00007fffcaab4000 	C:\Windows\SYSTEM32\DBGHELP.DLL
0x00007fffbacb0000 - 0x00007fffbacda000 	C:\Windows\SYSTEM32\dbgcore.DLL
0x00007fffc2e00000 - 0x00007fffc2e0e000 	C:\Program Files\Java\jdk-15.0.2\bin\instrument.dll
0x00007fffb13b0000 - 0x00007fffb13d5000 	C:\Program Files\Java\jdk-15.0.2\bin\java.dll

dbghelp: loaded successfully - version: 4.0.5 - missing functions: none
symbol engine: initialized successfully - sym options: 0x614 - pdb path: .;C:\Program Files\Java\jdk-15.0.2\bin;C:\Windows\SYSTEM32;C:\Windows\WinSxS\amd64_microsoft.windows.common-controls_6595b64144ccf1df_6.0.18362.449_none_e6c7b265130c70a7;C:\Program Files\Java\jdk-15.0.2\bin\server

VM Arguments:
jvm_args: -javaagent:C:\Program Files\JetBrains\IntelliJ IDEA 2021.2.2\lib\idea_rt.jar=56911:C:\Program Files\JetBrains\IntelliJ IDEA 2021.2.2\bin -Dfile.encoding=UTF-8 
java_command: project.Main
java_class_path (initial): C:\Users\Admin\Documents\demo1\target\classes;C:\Users\Admin\.m2\repository\jgraph\jgraph\5.13.0.0\jgraph-5.13.0.0.jar;C:\Users\Admin\.m2\repository\org\springframework\boot\spring-boot-starter\2.7.0\spring-boot-starter-2.7.0.jar;C:\Users\Admin\.m2\repository\org\springframework\boot\spring-boot\2.7.0\spring-boot-2.7.0.jar;C:\Users\Admin\.m2\repository\org\springframework\spring-context\5.3.20\spring-context-5.3.20.jar;C:\Users\Admin\.m2\repository\org\springframework\spring-aop\5.3.20\spring-aop-5.3.20.jar;C:\Users\Admin\.m2\repository\org\springframework\spring-beans\5.3.20\spring-beans-5.3.20.jar;C:\Users\Admin\.m2\repository\org\springframework\spring-expression\5.3.20\spring-expression-5.3.20.jar;C:\Users\Admin\.m2\repository\org\springframework\boot\spring-boot-autoconfigure\2.7.0\spring-boot-autoconfigure-2.7.0.jar;C:\Users\Admin\.m2\repository\org\springframework\boot\spring-boot-starter-logging\2.7.0\spring-boot-starter-logging-2.7.0.jar;C:\Users\Admin\.m2\repository\ch\qos\logback\logback-classic\1.2.11\logback-classic-1.2.11.jar;C:\Users\Admin\.m2\repository\ch\qos\logback\logback-core\1.2.11\logback-core-1.2.11.jar;C:\Users\Admin\.m2\repository\org\apache\logging\log4j\log4j-to-slf4j\2.17.2\log4j-to-slf4j-2.17.2.jar;C:\Users\Admin\.m2\repository\org\apache\logging\log4j\log4j-api\2.17.2\log4j-api-2.17.2.jar;C:\Users\Admin\.m2\repository\org\slf4j\jul-to-slf4j\1.7.36\jul-to-slf4j-1.7.36.jar;C:\Users\Admin\.m2\repository\jakarta\annotation\jakarta.annotation-api\1.3.5\jakarta.annotation-api-1.3.5.jar;C:\Users\Admin\.m2\repository\org\springframework\spring-core\5.3.20\spring-core-5.3.20.jar;C:\Users\Admin\.m2\repository\org\springframework\spring-jcl\5.3.20\spring-jcl-5.3.20.jar;C:\Users\Admin\.m2\repository\org\yaml\snakeyaml\1.30\snakeyaml-1.30.jar;C:\Users\Admin\.m2\repository\org\slf4j\slf4j-api\1.7.36\slf4j-api-1.7.36.jar
Launcher Type: SUN_STANDARD

[Global flags]
     intx CICompilerCount                          = 4                                         {product} {ergonomic}
     uint ConcGCThreads                            = 2                                         {product} {ergonomic}
     uint G1ConcRefinementThreads                  = 8                                         {product} {ergonomic}
   size_t G1HeapRegionSize                         = 1048576                                   {product} {ergonomic}
    uintx GCDrainStackTargetSize                   = 64                                        {product} {ergonomic}
   size_t InitialHeapSize                          = 134217728                                 {product} {ergonomic}
   size_t MarkStackSize                            = 4194304                                   {product} {ergonomic}
   size_t MaxHeapSize                              = 2120220672                                {product} {ergonomic}
   size_t MinHeapDeltaBytes                        = 1048576                                   {product} {ergonomic}
   size_t MinHeapSize                              = 8388608                                   {product} {ergonomic}
    uintx NonNMethodCodeHeapSize                   = 5839372                                {pd product} {ergonomic}
    uintx NonProfiledCodeHeapSize                  = 122909434                              {pd product} {ergonomic}
    uintx ProfiledCodeHeapSize                     = 122909434                              {pd product} {ergonomic}
    uintx ReservedCodeCacheSize                    = 251658240                              {pd product} {ergonomic}
     bool SegmentedCodeCache                       = true                                      {product} {ergonomic}
   size_t SoftMaxHeapSize                          = 2120220672                             {manageable} {ergonomic}
     bool UseCompressedClassPointers               = true                                 {lp64_product} {ergonomic}
     bool UseCompressedOops                        = true                                 {lp64_product} {ergonomic}
     bool UseG1GC                                  = true                                      {product} {ergonomic}
     bool UseLargePagesIndividualAllocation        = false                                  {pd product} {ergonomic}

Logging:
Log output configuration:
 #0: stdout all=warning uptime,level,tags
 #1: stderr all=off uptime,level,tags

Environment Variables:
JAVA_HOME=C:\Program Files\Java\jdk-15.0.2
PATH=C:\Program Files (x86)\VMware\VMware Player\bin\;C:\Windows\system32;C:\Windows;C:\Windows\System32\Wbem;C:\Windows\System32\WindowsPowerShell\v1.0\;C:\Program Files (x86)\Autodesk\Backburner\;C:\Program Files (x86)\Common Files\Autodesk Shared\;C:\Program Files\Common Files\Autodesk Shared\;C:\emax64\bin\;C:\Program Files\Java\jdk-15.0.2\bin;C:\Program Files (x86)\sbt\bin;C:\Users\Admin\AppData\Local\Programs\Python\Python39\Scripts\;C:\Users\Admin\AppData\Local\Programs\Python\Python39\;C:\Users\Admin\AppData\Local\Programs\Python\Python38-32\Scripts\;C:\Users\Admin\AppData\Local\Programs\Python\Python38-32\;C:\Users\Admin\AppData\Local\Microsoft\WindowsApps;C:\Program Files\JetBrains\PyCharm Community Edition 2020.2.2\bin;C:\emax64\bin\;C:\Program Files\Java\jdk-15.0.2\bin;C:\Program Files\JetBrains\PyCharm 2021.1.1\bin;C:\OSGeo4W64\bin;C:\Program Files\dotnet\;C:\Program Files\Microsoft SQL Server\130\Tools\Binn\;C:\Program Files\Microsoft SQL Server\Client SDK\ODBC\170\Tools\Binn\;C:\Program Files\MySQL\MySQL Server 8.0\bin\;C:\Program Files\Git\cmd;C:\ProgramData\chocolatey\bin;C:\Windows\System32\OpenSSH\;C:\composer;C:\OpenServer\modules\php\PHP_8.1\;C:\Users\Admin\AppData\Local\Programs\Python\Python38-32\Scripts\;C:\Users\Admin\AppData\Local\Programs\Python\Python38-32\;C:\Program Files\MySQL\MySQL Shell 8.0\bin\;C:\Users\Admin\AppData\Local\Microsoft\WindowsApps;C:\Program Files\JetBrains\PyCharm Community Edition 2020.2.2\bin;;C:\emax64\bin\;C:\Program Files\Java\jdk-15.0.2\bin;C:\Program Files\JetBrains\PyCharm 2021.3.3\bin;;C:\Program Files\MySQL\MySQL Server 8.0\bin\;C:\Users\Admin\AppData\Local\GitHubDesktop\bin;C:\Program Files\JetBrains\PhpStorm 2021.3.1\bin;;C:\Program Files\heroku\bin;C:\Users\Admin\AppData\Roaming\Composer\vendor\bin;C:\OpenServer\modules\php\PHP_8.1;C:\composer;
USERNAME=Admin
OS=Windows_NT
PROCESSOR_IDENTIFIER=Intel64 Family 6 Model 142 Stepping 10, GenuineIntel



---------------  S Y S T E M  ---------------

OS:
 Windows 10 , 64 bit Build 18362 (10.0.18362.329)
OS uptime: 4 days 16:14 hours

CPU: total 8 (initial active 8) (4 cores per cpu, 2 threads per core) family 6 model 142 stepping 10 microcode 0xc6, cmov, cx8, fxsr, mmx, sse, sse2, sse3, ssse3, sse4.1, sse4.2, popcnt, vzeroupper, avx, avx2, aes, clmul, erms, 3dnowpref, lzcnt, ht, tsc, tscinvbit, bmi1, bmi2, adx, fma, clflush, clflushopt

Memory: 4k page, system-wide physical 8083M (1476M free)
TotalPageFile size 14419M (AvailPageFile size 129M)
current process WorkingSet (physical memory assigned to process): 10M, peak: 10M
current process commit charge ("private bytes"): 60M, peak: 188M

vm_info: Java HotSpot(TM) 64-Bit Server VM (15.0.2+7-27) for windows-amd64 JRE (15.0.2+7-27), built on Dec  7 2020 20:07:01 by "mach5one" with unknown MS VC++:1925

END.
